2021-03-30 12:14:43,750 INFO [main] m.h.j.c.m.Glavna [Glavna.java:32] Aplikacija pokrenuta! 
2021-03-30 12:14:49,995 INFO [main] m.h.j.c.m.Glavna [Glavna.java:498] Pokušaj unosa nedozvoljene vrijednosti pri unosu broja stanovnika zupanije! 
2021-03-30 12:14:49,995 WARN [main] m.h.j.c.m.Glavna [Glavna.java:499] Aktivirana iznimka: 
java.util.InputMismatchException: null
	at java.base/java.util.Scanner.throwFor(Scanner.java:939)
	at java.base/java.util.Scanner.next(Scanner.java:1594)
	at java.base/java.util.Scanner.nextInt(Scanner.java:2258)
	at java.base/java.util.Scanner.nextInt(Scanner.java:2212)
	at main.hr.java.covidportal.main.Glavna.unesiZupaniju(Glavna.java:495)
	at main.hr.java.covidportal.main.Glavna.main(Glavna.java:37)
2021-03-30 12:15:43,441 INFO [main] m.h.j.c.m.Glavna [Glavna.java:333] Pokušaj unosa nedozvoljene vrijednosti unosu broja simptoma! 
2021-03-30 12:15:43,441 WARN [main] m.h.j.c.m.Glavna [Glavna.java:334] Aktivirana iznimka: 
java.util.InputMismatchException: null
	at java.base/java.util.Scanner.throwFor(Scanner.java:939)
	at java.base/java.util.Scanner.next(Scanner.java:1594)
	at java.base/java.util.Scanner.nextInt(Scanner.java:2258)
	at java.base/java.util.Scanner.nextInt(Scanner.java:2212)
	at main.hr.java.covidportal.main.Glavna.unesiBolesti(Glavna.java:328)
	at main.hr.java.covidportal.main.Glavna.main(Glavna.java:53)
2021-03-30 12:15:47,446 INFO [main] m.h.j.c.m.Glavna [Glavna.java:313] Pokušaj unosa nedozvoljene vrijednosti odabiru vrste bolesti ! 
2021-03-30 12:15:47,446 WARN [main] m.h.j.c.m.Glavna [Glavna.java:314] Aktivirana iznimka: 
java.util.InputMismatchException: null
	at java.base/java.util.Scanner.throwFor(Scanner.java:939)
	at java.base/java.util.Scanner.next(Scanner.java:1594)
	at java.base/java.util.Scanner.nextInt(Scanner.java:2258)
	at java.base/java.util.Scanner.nextInt(Scanner.java:2212)
	at main.hr.java.covidportal.main.Glavna.unesiBolesti(Glavna.java:303)
	at main.hr.java.covidportal.main.Glavna.main(Glavna.java:53)
2021-03-30 12:15:51,593 INFO [main] m.h.j.c.m.Glavna [Glavna.java:55] Unešena bolest/virus s istim simptomima.
2021-03-30 12:15:51,593 WARN [main] m.h.j.c.m.Glavna [Glavna.java:56] Aktivirana iznimka: main.hr.java.covidportal.iznimke.BolestIstihSimptomaException: Unešena bolest/virus s istim simptomima.
2021-03-30 12:16:47,318 INFO [main] m.h.j.c.m.Glavna [Glavna.java:173] Pokušaj unosa nedozvoljene vrijednosti pri odabiru bolesti! 
2021-03-30 12:16:47,318 WARN [main] m.h.j.c.m.Glavna [Glavna.java:174] Aktivirana iznimka: 
java.util.InputMismatchException: null
	at java.base/java.util.Scanner.throwFor(Scanner.java:939)
	at java.base/java.util.Scanner.next(Scanner.java:1594)
	at java.base/java.util.Scanner.nextInt(Scanner.java:2258)
	at java.base/java.util.Scanner.nextInt(Scanner.java:2212)
	at main.hr.java.covidportal.main.Glavna.unesiOsobe(Glavna.java:162)
	at main.hr.java.covidportal.main.Glavna.main(Glavna.java:66)
2021-03-30 12:17:05,952 INFO [main] m.h.j.c.m.Glavna [Glavna.java:125] Pokušaj unosa nedozvoljene vrijednosti za starost! 
2021-03-30 12:17:05,952 WARN [main] m.h.j.c.m.Glavna [Glavna.java:126] Aktivirana iznimka: 
java.util.InputMismatchException: null
	at java.base/java.util.Scanner.throwFor(Scanner.java:939)
	at java.base/java.util.Scanner.next(Scanner.java:1594)
	at java.base/java.util.Scanner.nextInt(Scanner.java:2258)
	at java.base/java.util.Scanner.nextInt(Scanner.java:2212)
	at main.hr.java.covidportal.main.Glavna.unesiOsobe(Glavna.java:121)
	at main.hr.java.covidportal.main.Glavna.main(Glavna.java:66)
2021-03-30 12:17:08,953 INFO [main] m.h.j.c.m.Glavna [Glavna.java:149] Pokušaj unosa nedozvoljene vrijednosti pri odabiru zupanije! 
2021-03-30 12:17:08,953 WARN [main] m.h.j.c.m.Glavna [Glavna.java:150] Aktivirana iznimka: 
java.util.InputMismatchException: null
	at java.base/java.util.Scanner.throwFor(Scanner.java:939)
	at java.base/java.util.Scanner.next(Scanner.java:1594)
	at java.base/java.util.Scanner.nextInt(Scanner.java:2258)
	at java.base/java.util.Scanner.nextInt(Scanner.java:2212)
	at main.hr.java.covidportal.main.Glavna.unesiOsobe(Glavna.java:138)
	at main.hr.java.covidportal.main.Glavna.main(Glavna.java:66)
2021-03-30 12:17:12,319 INFO [main] m.h.j.c.m.Glavna [Glavna.java:173] Pokušaj unosa nedozvoljene vrijednosti pri odabiru bolesti! 
2021-03-30 12:17:12,319 WARN [main] m.h.j.c.m.Glavna [Glavna.java:174] Aktivirana iznimka: 
java.util.InputMismatchException: null
	at java.base/java.util.Scanner.throwFor(Scanner.java:939)
	at java.base/java.util.Scanner.next(Scanner.java:1594)
	at java.base/java.util.Scanner.nextInt(Scanner.java:2258)
	at java.base/java.util.Scanner.nextInt(Scanner.java:2212)
	at main.hr.java.covidportal.main.Glavna.unesiOsobe(Glavna.java:162)
	at main.hr.java.covidportal.main.Glavna.main(Glavna.java:66)
2021-03-30 12:17:41,495 INFO [main] m.h.j.c.m.Glavna [Glavna.java:242] Odabrana osoba se već nalazi među kontaktiranim osobama. Molimo Vas da odaberete neku drugu osobu !
2021-03-30 12:17:41,495 WARN [main] m.h.j.c.m.Glavna [Glavna.java:243] Aktivirana iznimka: 
main.hr.java.covidportal.iznimke.DuplikatKontaktiraneOsobeException: Odabrana osoba se već nalazi među kontaktiranim osobama. Molimo Vas da odaberete neku drugu osobu !
	at main.hr.java.covidportal.main.Glavna.DuplikatKontaktOsoba(Glavna.java:279)
	at main.hr.java.covidportal.main.Glavna.unesiOsobe(Glavna.java:225)
	at main.hr.java.covidportal.main.Glavna.main(Glavna.java:66)
2021-03-30 12:18:42,416 INFO [main] m.h.j.c.m.Glavna [Glavna.java:32] Aplikacija pokrenuta! 
2021-03-30 12:19:27,691 INFO [main] m.h.j.c.m.Glavna [Glavna.java:313] Pokušaj unosa nedozvoljene vrijednosti odabiru vrste bolesti ! 
2021-03-30 12:19:27,691 WARN [main] m.h.j.c.m.Glavna [Glavna.java:314] Aktivirana iznimka: 
java.util.InputMismatchException: null
	at java.base/java.util.Scanner.throwFor(Scanner.java:939)
	at java.base/java.util.Scanner.next(Scanner.java:1594)
	at java.base/java.util.Scanner.nextInt(Scanner.java:2258)
	at java.base/java.util.Scanner.nextInt(Scanner.java:2212)
	at main.hr.java.covidportal.main.Glavna.unesiBolesti(Glavna.java:303)
	at main.hr.java.covidportal.main.Glavna.main(Glavna.java:53)
2021-03-30 12:19:46,356 INFO [main] m.h.j.c.m.Glavna [Glavna.java:333] Pokušaj unosa nedozvoljene vrijednosti unosu broja simptoma! 
2021-03-30 12:19:46,356 WARN [main] m.h.j.c.m.Glavna [Glavna.java:334] Aktivirana iznimka: 
java.util.InputMismatchException: null
	at java.base/java.util.Scanner.throwFor(Scanner.java:939)
	at java.base/java.util.Scanner.next(Scanner.java:1594)
	at java.base/java.util.Scanner.nextInt(Scanner.java:2258)
	at java.base/java.util.Scanner.nextInt(Scanner.java:2212)
	at main.hr.java.covidportal.main.Glavna.unesiBolesti(Glavna.java:328)
	at main.hr.java.covidportal.main.Glavna.main(Glavna.java:53)
2021-03-30 12:19:47,315 INFO [main] m.h.j.c.m.Glavna [Glavna.java:333] Pokušaj unosa nedozvoljene vrijednosti unosu broja simptoma! 
2021-03-30 12:19:47,315 WARN [main] m.h.j.c.m.Glavna [Glavna.java:334] Aktivirana iznimka: 
java.util.InputMismatchException: null
	at java.base/java.util.Scanner.throwFor(Scanner.java:939)
	at java.base/java.util.Scanner.next(Scanner.java:1594)
	at java.base/java.util.Scanner.nextInt(Scanner.java:2258)
	at java.base/java.util.Scanner.nextInt(Scanner.java:2212)
	at main.hr.java.covidportal.main.Glavna.unesiBolesti(Glavna.java:328)
	at main.hr.java.covidportal.main.Glavna.main(Glavna.java:53)
2021-03-30 12:19:54,842 INFO [main] m.h.j.c.m.Glavna [Glavna.java:55] Unešena bolest/virus s istim simptomima.
2021-03-30 12:19:54,842 WARN [main] m.h.j.c.m.Glavna [Glavna.java:56] Aktivirana iznimka: main.hr.java.covidportal.iznimke.BolestIstihSimptomaException: Unešena bolest/virus s istim simptomima.
2021-03-30 12:20:25,266 INFO [main] m.h.j.c.m.Glavna [Glavna.java:125] Pokušaj unosa nedozvoljene vrijednosti za starost! 
2021-03-30 12:20:25,266 WARN [main] m.h.j.c.m.Glavna [Glavna.java:126] Aktivirana iznimka: 
java.util.InputMismatchException: null
	at java.base/java.util.Scanner.throwFor(Scanner.java:939)
	at java.base/java.util.Scanner.next(Scanner.java:1594)
	at java.base/java.util.Scanner.nextInt(Scanner.java:2258)
	at java.base/java.util.Scanner.nextInt(Scanner.java:2212)
	at main.hr.java.covidportal.main.Glavna.unesiOsobe(Glavna.java:121)
	at main.hr.java.covidportal.main.Glavna.main(Glavna.java:66)
2021-03-30 12:20:29,140 INFO [main] m.h.j.c.m.Glavna [Glavna.java:173] Pokušaj unosa nedozvoljene vrijednosti pri odabiru bolesti! 
2021-03-30 12:20:29,140 WARN [main] m.h.j.c.m.Glavna [Glavna.java:174] Aktivirana iznimka: 
java.util.InputMismatchException: null
	at java.base/java.util.Scanner.throwFor(Scanner.java:939)
	at java.base/java.util.Scanner.next(Scanner.java:1594)
	at java.base/java.util.Scanner.nextInt(Scanner.java:2258)
	at java.base/java.util.Scanner.nextInt(Scanner.java:2212)
	at main.hr.java.covidportal.main.Glavna.unesiOsobe(Glavna.java:162)
	at main.hr.java.covidportal.main.Glavna.main(Glavna.java:66)
2021-03-30 12:20:36,386 INFO [main] m.h.j.c.m.Glavna [Glavna.java:149] Pokušaj unosa nedozvoljene vrijednosti pri odabiru zupanije! 
2021-03-30 12:20:36,386 WARN [main] m.h.j.c.m.Glavna [Glavna.java:150] Aktivirana iznimka: 
java.util.InputMismatchException: null
	at java.base/java.util.Scanner.throwFor(Scanner.java:939)
	at java.base/java.util.Scanner.next(Scanner.java:1594)
	at java.base/java.util.Scanner.nextInt(Scanner.java:2258)
	at java.base/java.util.Scanner.nextInt(Scanner.java:2212)
	at main.hr.java.covidportal.main.Glavna.unesiOsobe(Glavna.java:138)
	at main.hr.java.covidportal.main.Glavna.main(Glavna.java:66)
2021-03-30 12:20:42,534 INFO [main] m.h.j.c.m.Glavna [Glavna.java:238] Pokušaj unosa nedozvoljene vrijednosti za odabir kontaktirane osobe! 
2021-03-30 12:20:42,534 WARN [main] m.h.j.c.m.Glavna [Glavna.java:239] Aktivirana iznimka: 
java.util.InputMismatchException: null
	at java.base/java.util.Scanner.throwFor(Scanner.java:939)
	at java.base/java.util.Scanner.next(Scanner.java:1594)
	at java.base/java.util.Scanner.nextInt(Scanner.java:2258)
	at java.base/java.util.Scanner.nextInt(Scanner.java:2212)
	at main.hr.java.covidportal.main.Glavna.unesiOsobe(Glavna.java:220)
	at main.hr.java.covidportal.main.Glavna.main(Glavna.java:66)
2021-03-30 12:20:55,728 INFO [main] m.h.j.c.m.Glavna [Glavna.java:242] Odabrana osoba se već nalazi među kontaktiranim osobama. Molimo Vas da odaberete neku drugu osobu !
2021-03-30 12:20:55,728 WARN [main] m.h.j.c.m.Glavna [Glavna.java:243] Aktivirana iznimka: 
main.hr.java.covidportal.iznimke.DuplikatKontaktiraneOsobeException: Odabrana osoba se već nalazi među kontaktiranim osobama. Molimo Vas da odaberete neku drugu osobu !
	at main.hr.java.covidportal.main.Glavna.DuplikatKontaktOsoba(Glavna.java:279)
	at main.hr.java.covidportal.main.Glavna.unesiOsobe(Glavna.java:225)
	at main.hr.java.covidportal.main.Glavna.main(Glavna.java:66)
2021-03-30 12:20:56,652 INFO [main] m.h.j.c.m.Glavna [Glavna.java:242] Odabrana osoba se već nalazi među kontaktiranim osobama. Molimo Vas da odaberete neku drugu osobu !
2021-03-30 12:20:56,652 WARN [main] m.h.j.c.m.Glavna [Glavna.java:243] Aktivirana iznimka: 
main.hr.java.covidportal.iznimke.DuplikatKontaktiraneOsobeException: Odabrana osoba se već nalazi među kontaktiranim osobama. Molimo Vas da odaberete neku drugu osobu !
	at main.hr.java.covidportal.main.Glavna.DuplikatKontaktOsoba(Glavna.java:279)
	at main.hr.java.covidportal.main.Glavna.unesiOsobe(Glavna.java:225)
	at main.hr.java.covidportal.main.Glavna.main(Glavna.java:66)
2021-03-30 12:26:21,650 INFO [main] m.h.j.c.m.Glavna [Glavna.java:32] Aplikacija pokrenuta! 
2021-03-30 12:26:31,661 INFO [main] m.h.j.c.m.Glavna [Glavna.java:498] Pokušaj unosa nedozvoljene vrijednosti pri unosu broja stanovnika zupanije! 
2021-03-30 12:26:31,661 WARN [main] m.h.j.c.m.Glavna [Glavna.java:499] Aktivirana iznimka: 
java.util.InputMismatchException: null
	at java.base/java.util.Scanner.throwFor(Scanner.java:939)
	at java.base/java.util.Scanner.next(Scanner.java:1594)
	at java.base/java.util.Scanner.nextInt(Scanner.java:2258)
	at java.base/java.util.Scanner.nextInt(Scanner.java:2212)
	at main.hr.java.covidportal.main.Glavna.unesiZupaniju(Glavna.java:495)
	at main.hr.java.covidportal.main.Glavna.main(Glavna.java:37)
2021-03-30 12:27:44,460 INFO [main] m.h.j.c.m.Glavna [Glavna.java:333] Pokušaj unosa nedozvoljene vrijednosti unosu broja simptoma! 
2021-03-30 12:27:44,460 WARN [main] m.h.j.c.m.Glavna [Glavna.java:334] Aktivirana iznimka: 
java.util.InputMismatchException: null
	at java.base/java.util.Scanner.throwFor(Scanner.java:939)
	at java.base/java.util.Scanner.next(Scanner.java:1594)
	at java.base/java.util.Scanner.nextInt(Scanner.java:2258)
	at java.base/java.util.Scanner.nextInt(Scanner.java:2212)
	at main.hr.java.covidportal.main.Glavna.unesiBolesti(Glavna.java:328)
	at main.hr.java.covidportal.main.Glavna.main(Glavna.java:53)
2021-03-30 12:27:56,894 INFO [main] m.h.j.c.m.Glavna [Glavna.java:361] Pokušaj unosa nedozvoljene vrijednosti pri odabiru simptoma bolesti ! 
2021-03-30 12:27:56,910 WARN [main] m.h.j.c.m.Glavna [Glavna.java:362] Aktivirana iznimka: 
java.util.InputMismatchException: null
	at java.base/java.util.Scanner.throwFor(Scanner.java:939)
	at java.base/java.util.Scanner.next(Scanner.java:1594)
	at java.base/java.util.Scanner.nextInt(Scanner.java:2258)
	at java.base/java.util.Scanner.nextInt(Scanner.java:2212)
	at main.hr.java.covidportal.main.Glavna.unesiBolesti(Glavna.java:349)
	at main.hr.java.covidportal.main.Glavna.main(Glavna.java:53)
2021-03-30 12:27:58,521 INFO [main] m.h.j.c.m.Glavna [Glavna.java:55] Unešena bolest/virus s istim simptomima.
2021-03-30 12:27:58,521 WARN [main] m.h.j.c.m.Glavna [Glavna.java:56] Aktivirana iznimka: main.hr.java.covidportal.iznimke.BolestIstihSimptomaException: Unešena bolest/virus s istim simptomima.
2021-03-30 12:28:06,133 INFO [main] m.h.j.c.m.Glavna [Glavna.java:333] Pokušaj unosa nedozvoljene vrijednosti unosu broja simptoma! 
2021-03-30 12:28:06,133 WARN [main] m.h.j.c.m.Glavna [Glavna.java:334] Aktivirana iznimka: 
java.util.InputMismatchException: null
	at java.base/java.util.Scanner.throwFor(Scanner.java:939)
	at java.base/java.util.Scanner.next(Scanner.java:1594)
	at java.base/java.util.Scanner.nextInt(Scanner.java:2258)
	at java.base/java.util.Scanner.nextInt(Scanner.java:2212)
	at main.hr.java.covidportal.main.Glavna.unesiBolesti(Glavna.java:328)
	at main.hr.java.covidportal.main.Glavna.main(Glavna.java:53)
2021-03-30 12:28:39,643 INFO [main] m.h.j.c.m.Glavna [Glavna.java:55] Unešena bolest/virus s istim simptomima.
2021-03-30 12:28:39,643 WARN [main] m.h.j.c.m.Glavna [Glavna.java:56] Aktivirana iznimka: main.hr.java.covidportal.iznimke.BolestIstihSimptomaException: Unešena bolest/virus s istim simptomima.
2021-03-30 12:28:54,506 INFO [main] m.h.j.c.m.Glavna [Glavna.java:55] Unešena bolest/virus s istim simptomima.
2021-03-30 12:28:54,506 WARN [main] m.h.j.c.m.Glavna [Glavna.java:56] Aktivirana iznimka: main.hr.java.covidportal.iznimke.BolestIstihSimptomaException: Unešena bolest/virus s istim simptomima.
2021-03-30 12:29:02,122 INFO [main] m.h.j.c.m.Glavna [Glavna.java:55] Unešena bolest/virus s istim simptomima.
2021-03-30 12:29:02,122 WARN [main] m.h.j.c.m.Glavna [Glavna.java:56] Aktivirana iznimka: main.hr.java.covidportal.iznimke.BolestIstihSimptomaException: Unešena bolest/virus s istim simptomima.
2021-03-30 12:29:20,829 INFO [main] m.h.j.c.m.Glavna [Glavna.java:125] Pokušaj unosa nedozvoljene vrijednosti za starost! 
2021-03-30 12:29:20,829 WARN [main] m.h.j.c.m.Glavna [Glavna.java:126] Aktivirana iznimka: 
java.util.InputMismatchException: null
	at java.base/java.util.Scanner.throwFor(Scanner.java:939)
	at java.base/java.util.Scanner.next(Scanner.java:1594)
	at java.base/java.util.Scanner.nextInt(Scanner.java:2258)
	at java.base/java.util.Scanner.nextInt(Scanner.java:2212)
	at main.hr.java.covidportal.main.Glavna.unesiOsobe(Glavna.java:121)
	at main.hr.java.covidportal.main.Glavna.main(Glavna.java:66)
2021-03-30 12:29:23,500 INFO [main] m.h.j.c.m.Glavna [Glavna.java:149] Pokušaj unosa nedozvoljene vrijednosti pri odabiru zupanije! 
2021-03-30 12:29:23,500 WARN [main] m.h.j.c.m.Glavna [Glavna.java:150] Aktivirana iznimka: 
java.util.InputMismatchException: null
	at java.base/java.util.Scanner.throwFor(Scanner.java:939)
	at java.base/java.util.Scanner.next(Scanner.java:1594)
	at java.base/java.util.Scanner.nextInt(Scanner.java:2258)
	at java.base/java.util.Scanner.nextInt(Scanner.java:2212)
	at main.hr.java.covidportal.main.Glavna.unesiOsobe(Glavna.java:138)
	at main.hr.java.covidportal.main.Glavna.main(Glavna.java:66)
2021-03-30 12:30:00,576 INFO [main] m.h.j.c.m.Glavna [Glavna.java:242] Odabrana osoba se već nalazi među kontaktiranim osobama. Molimo Vas da odaberete neku drugu osobu !
2021-03-30 12:30:00,576 WARN [main] m.h.j.c.m.Glavna [Glavna.java:243] Aktivirana iznimka: 
main.hr.java.covidportal.iznimke.DuplikatKontaktiraneOsobeException: Odabrana osoba se već nalazi među kontaktiranim osobama. Molimo Vas da odaberete neku drugu osobu !
	at main.hr.java.covidportal.main.Glavna.DuplikatKontaktOsoba(Glavna.java:279)
	at main.hr.java.covidportal.main.Glavna.unesiOsobe(Glavna.java:225)
	at main.hr.java.covidportal.main.Glavna.main(Glavna.java:66)
2021-03-30 12:30:01,957 INFO [main] m.h.j.c.m.Glavna [Glavna.java:242] Odabrana osoba se već nalazi među kontaktiranim osobama. Molimo Vas da odaberete neku drugu osobu !
2021-03-30 12:30:01,957 WARN [main] m.h.j.c.m.Glavna [Glavna.java:243] Aktivirana iznimka: 
main.hr.java.covidportal.iznimke.DuplikatKontaktiraneOsobeException: Odabrana osoba se već nalazi među kontaktiranim osobama. Molimo Vas da odaberete neku drugu osobu !
	at main.hr.java.covidportal.main.Glavna.DuplikatKontaktOsoba(Glavna.java:279)
	at main.hr.java.covidportal.main.Glavna.unesiOsobe(Glavna.java:225)
	at main.hr.java.covidportal.main.Glavna.main(Glavna.java:66)
2021-03-30 12:40:15,750 INFO [main] m.h.j.c.m.Glavna [Glavna.java:32] Aplikacija pokrenuta! 
2021-03-30 12:41:13,794 INFO [main] m.h.j.c.m.Glavna [Glavna.java:318] Pokušaj unosa nedozvoljene vrijednosti odabiru vrste bolesti ! 
2021-03-30 12:41:13,794 WARN [main] m.h.j.c.m.Glavna [Glavna.java:319] Aktivirana iznimka: 
java.util.InputMismatchException: null
	at java.base/java.util.Scanner.throwFor(Scanner.java:939)
	at java.base/java.util.Scanner.next(Scanner.java:1594)
	at java.base/java.util.Scanner.nextInt(Scanner.java:2258)
	at java.base/java.util.Scanner.nextInt(Scanner.java:2212)
	at main.hr.java.covidportal.main.Glavna.unesiBolesti(Glavna.java:308)
	at main.hr.java.covidportal.main.Glavna.main(Glavna.java:53)
2021-03-30 12:41:22,784 INFO [main] m.h.j.c.m.Glavna [Glavna.java:318] Pokušaj unosa nedozvoljene vrijednosti odabiru vrste bolesti ! 
2021-03-30 12:41:22,784 WARN [main] m.h.j.c.m.Glavna [Glavna.java:319] Aktivirana iznimka: 
java.util.InputMismatchException: null
	at java.base/java.util.Scanner.throwFor(Scanner.java:939)
	at java.base/java.util.Scanner.next(Scanner.java:1594)
	at java.base/java.util.Scanner.nextInt(Scanner.java:2258)
	at java.base/java.util.Scanner.nextInt(Scanner.java:2212)
	at main.hr.java.covidportal.main.Glavna.unesiBolesti(Glavna.java:308)
	at main.hr.java.covidportal.main.Glavna.main(Glavna.java:53)
2021-03-30 12:41:28,602 INFO [main] m.h.j.c.m.Glavna [Glavna.java:55] Unešena bolest/virus s istim simptomima.
2021-03-30 12:41:28,602 WARN [main] m.h.j.c.m.Glavna [Glavna.java:56] Aktivirana iznimka: main.hr.java.covidportal.iznimke.BolestIstihSimptomaException: Unešena bolest/virus s istim simptomima.
2021-03-30 12:41:28,602 ERROR [main] m.h.j.c.m.Glavna [Glavna.java:57] Unešena bolest/virus s istim simptomima.
main.hr.java.covidportal.iznimke.BolestIstihSimptomaException: Unešena bolest/virus s istim simptomima.
	at main.hr.java.covidportal.main.Glavna.DuplikatBolesti(Glavna.java:458)
	at main.hr.java.covidportal.main.Glavna.unesiBolesti(Glavna.java:374)
	at main.hr.java.covidportal.main.Glavna.main(Glavna.java:53)
2021-03-30 12:41:58,193 INFO [main] m.h.j.c.m.Glavna [Glavna.java:176] Pokušaj unosa nedozvoljene vrijednosti pri odabiru bolesti! 
2021-03-30 12:41:58,193 WARN [main] m.h.j.c.m.Glavna [Glavna.java:177] Aktivirana iznimka: 
java.util.InputMismatchException: null
	at java.base/java.util.Scanner.throwFor(Scanner.java:939)
	at java.base/java.util.Scanner.next(Scanner.java:1594)
	at java.base/java.util.Scanner.nextInt(Scanner.java:2258)
	at java.base/java.util.Scanner.nextInt(Scanner.java:2212)
	at main.hr.java.covidportal.main.Glavna.unesiOsobe(Glavna.java:165)
	at main.hr.java.covidportal.main.Glavna.main(Glavna.java:67)
2021-03-30 12:41:58,193 ERROR [main] m.h.j.c.m.Glavna [Glavna.java:178] null
java.util.InputMismatchException: null
	at java.base/java.util.Scanner.throwFor(Scanner.java:939)
	at java.base/java.util.Scanner.next(Scanner.java:1594)
	at java.base/java.util.Scanner.nextInt(Scanner.java:2258)
	at java.base/java.util.Scanner.nextInt(Scanner.java:2212)
	at main.hr.java.covidportal.main.Glavna.unesiOsobe(Glavna.java:165)
	at main.hr.java.covidportal.main.Glavna.main(Glavna.java:67)
2021-03-30 12:42:04,900 INFO [main] m.h.j.c.m.Glavna [Glavna.java:151] Pokušaj unosa nedozvoljene vrijednosti pri odabiru zupanije! 
2021-03-30 12:42:04,900 WARN [main] m.h.j.c.m.Glavna [Glavna.java:152] Aktivirana iznimka: 
java.util.InputMismatchException: null
	at java.base/java.util.Scanner.throwFor(Scanner.java:939)
	at java.base/java.util.Scanner.next(Scanner.java:1594)
	at java.base/java.util.Scanner.nextInt(Scanner.java:2258)
	at java.base/java.util.Scanner.nextInt(Scanner.java:2212)
	at main.hr.java.covidportal.main.Glavna.unesiOsobe(Glavna.java:140)
	at main.hr.java.covidportal.main.Glavna.main(Glavna.java:67)
2021-03-30 12:42:04,900 ERROR [main] m.h.j.c.m.Glavna [Glavna.java:153] null
java.util.InputMismatchException: null
	at java.base/java.util.Scanner.throwFor(Scanner.java:939)
	at java.base/java.util.Scanner.next(Scanner.java:1594)
	at java.base/java.util.Scanner.nextInt(Scanner.java:2258)
	at java.base/java.util.Scanner.nextInt(Scanner.java:2212)
	at main.hr.java.covidportal.main.Glavna.unesiOsobe(Glavna.java:140)
	at main.hr.java.covidportal.main.Glavna.main(Glavna.java:67)
2021-03-30 12:42:12,064 INFO [main] m.h.j.c.m.Glavna [Glavna.java:176] Pokušaj unosa nedozvoljene vrijednosti pri odabiru bolesti! 
2021-03-30 12:42:12,064 WARN [main] m.h.j.c.m.Glavna [Glavna.java:177] Aktivirana iznimka: 
java.util.InputMismatchException: null
	at java.base/java.util.Scanner.throwFor(Scanner.java:939)
	at java.base/java.util.Scanner.next(Scanner.java:1594)
	at java.base/java.util.Scanner.nextInt(Scanner.java:2258)
	at java.base/java.util.Scanner.nextInt(Scanner.java:2212)
	at main.hr.java.covidportal.main.Glavna.unesiOsobe(Glavna.java:165)
	at main.hr.java.covidportal.main.Glavna.main(Glavna.java:67)
2021-03-30 12:42:12,064 ERROR [main] m.h.j.c.m.Glavna [Glavna.java:178] null
java.util.InputMismatchException: null
	at java.base/java.util.Scanner.throwFor(Scanner.java:939)
	at java.base/java.util.Scanner.next(Scanner.java:1594)
	at java.base/java.util.Scanner.nextInt(Scanner.java:2258)
	at java.base/java.util.Scanner.nextInt(Scanner.java:2212)
	at main.hr.java.covidportal.main.Glavna.unesiOsobe(Glavna.java:165)
	at main.hr.java.covidportal.main.Glavna.main(Glavna.java:67)
2021-03-30 12:42:32,200 INFO [main] m.h.j.c.m.Glavna [Glavna.java:246] Odabrana osoba se već nalazi među kontaktiranim osobama. Molimo Vas da odaberete neku drugu osobu !
2021-03-30 12:42:32,200 WARN [main] m.h.j.c.m.Glavna [Glavna.java:247] Aktivirana iznimka: 
main.hr.java.covidportal.iznimke.DuplikatKontaktiraneOsobeException: Odabrana osoba se već nalazi među kontaktiranim osobama. Molimo Vas da odaberete neku drugu osobu !
	at main.hr.java.covidportal.main.Glavna.DuplikatKontaktOsoba(Glavna.java:284)
	at main.hr.java.covidportal.main.Glavna.unesiOsobe(Glavna.java:229)
	at main.hr.java.covidportal.main.Glavna.main(Glavna.java:67)
2021-03-30 12:42:32,200 ERROR [main] m.h.j.c.m.Glavna [Glavna.java:248] Odabrana osoba se već nalazi među kontaktiranim osobama. Molimo Vas da odaberete neku drugu osobu !
main.hr.java.covidportal.iznimke.DuplikatKontaktiraneOsobeException: Odabrana osoba se već nalazi među kontaktiranim osobama. Molimo Vas da odaberete neku drugu osobu !
	at main.hr.java.covidportal.main.Glavna.DuplikatKontaktOsoba(Glavna.java:284)
	at main.hr.java.covidportal.main.Glavna.unesiOsobe(Glavna.java:229)
	at main.hr.java.covidportal.main.Glavna.main(Glavna.java:67)
2021-03-30 12:42:33,839 INFO [main] m.h.j.c.m.Glavna [Glavna.java:246] Odabrana osoba se već nalazi među kontaktiranim osobama. Molimo Vas da odaberete neku drugu osobu !
2021-03-30 12:42:33,839 WARN [main] m.h.j.c.m.Glavna [Glavna.java:247] Aktivirana iznimka: 
main.hr.java.covidportal.iznimke.DuplikatKontaktiraneOsobeException: Odabrana osoba se već nalazi među kontaktiranim osobama. Molimo Vas da odaberete neku drugu osobu !
	at main.hr.java.covidportal.main.Glavna.DuplikatKontaktOsoba(Glavna.java:284)
	at main.hr.java.covidportal.main.Glavna.unesiOsobe(Glavna.java:229)
	at main.hr.java.covidportal.main.Glavna.main(Glavna.java:67)
2021-03-30 12:42:33,839 ERROR [main] m.h.j.c.m.Glavna [Glavna.java:248] Odabrana osoba se već nalazi među kontaktiranim osobama. Molimo Vas da odaberete neku drugu osobu !
main.hr.java.covidportal.iznimke.DuplikatKontaktiraneOsobeException: Odabrana osoba se već nalazi među kontaktiranim osobama. Molimo Vas da odaberete neku drugu osobu !
	at main.hr.java.covidportal.main.Glavna.DuplikatKontaktOsoba(Glavna.java:284)
	at main.hr.java.covidportal.main.Glavna.unesiOsobe(Glavna.java:229)
	at main.hr.java.covidportal.main.Glavna.main(Glavna.java:67)
2021-03-30 21:34:21,192 INFO [main] m.h.j.c.m.Glavna [Glavna.java:32] Aplikacija pokrenuta! 
2021-03-31 17:24:03,411 INFO [main] m.h.j.c.m.Glavna [Glavna.java:32] Aplikacija pokrenuta! 
2021-03-31 17:26:39,901 INFO [main] m.h.j.c.m.Glavna [Glavna.java:32] Aplikacija pokrenuta! 
2021-03-31 17:27:01,507 INFO [main] m.h.j.c.m.Glavna [Glavna.java:72] Odabrana osoba se već nalazi medu kontaktiranim osobama. Molimo Vas da odaberete neku drugu osobu !
2021-03-31 17:27:01,507 WARN [main] m.h.j.c.m.Glavna [Glavna.java:73] Aktivirana iznimkaOdabrana osoba se već nalazi medu kontaktiranim osobama. Molimo Vas da odaberete neku drugu osobu !
2021-03-31 17:27:15,665 INFO [main] m.h.j.c.m.Glavna [Glavna.java:72] Odabrana osoba se već nalazi medu kontaktiranim osobama. Molimo Vas da odaberete neku drugu osobu !
2021-03-31 17:27:15,665 WARN [main] m.h.j.c.m.Glavna [Glavna.java:73] Aktivirana iznimkaOdabrana osoba se već nalazi medu kontaktiranim osobama. Molimo Vas da odaberete neku drugu osobu !
2021-03-31 17:28:07,053 INFO [main] m.h.j.c.m.Glavna [Glavna.java:32] Aplikacija pokrenuta! 
2021-03-31 17:45:16,408 INFO [main] m.h.j.c.m.Glavna [Glavna.java:32] Aplikacija pokrenuta! 
2021-03-31 17:46:41,011 INFO [main] m.h.j.c.m.Glavna [Glavna.java:32] Aplikacija pokrenuta! 
2021-03-31 17:47:32,392 INFO [main] m.h.j.c.m.Glavna [Glavna.java:32] Aplikacija pokrenuta! 
2021-03-31 17:47:57,789 INFO [main] m.h.j.c.m.Glavna [Glavna.java:74] Duplikat!
2021-03-31 17:47:57,794 WARN [main] m.h.j.c.m.Glavna [Glavna.java:75] Aktivirana iznimkaDuplikat!
2021-03-31 17:48:12,175 INFO [main] m.h.j.c.m.Glavna [Glavna.java:74] Duplikat!
2021-03-31 17:48:12,176 WARN [main] m.h.j.c.m.Glavna [Glavna.java:75] Aktivirana iznimkaDuplikat!
2021-03-31 17:48:20,292 INFO [main] m.h.j.c.m.Glavna [Glavna.java:74] Duplikat!
2021-03-31 17:48:20,293 WARN [main] m.h.j.c.m.Glavna [Glavna.java:75] Aktivirana iznimkaDuplikat!
2021-03-31 17:48:24,844 INFO [main] m.h.j.c.m.Glavna [Glavna.java:74] Duplikat!
2021-03-31 17:48:24,845 WARN [main] m.h.j.c.m.Glavna [Glavna.java:75] Aktivirana iznimkaDuplikat!
2021-03-31 17:48:52,675 INFO [main] m.h.j.c.m.Glavna [Glavna.java:74] Duplikat!
2021-03-31 17:48:52,681 WARN [main] m.h.j.c.m.Glavna [Glavna.java:75] Aktivirana iznimkaDuplikat!
2021-03-31 17:50:09,333 INFO [main] m.h.j.c.m.Glavna [Glavna.java:32] Aplikacija pokrenuta! 
2021-03-31 17:50:27,822 INFO [main] m.h.j.c.m.Glavna [Glavna.java:74] Duplikat!
2021-03-31 17:50:27,827 WARN [main] m.h.j.c.m.Glavna [Glavna.java:75] Aktivirana iznimkaDuplikat!
2021-03-31 17:50:48,200 INFO [main] m.h.j.c.m.Glavna [Glavna.java:74] Duplikat!
2021-03-31 17:50:48,202 WARN [main] m.h.j.c.m.Glavna [Glavna.java:75] Aktivirana iznimkaDuplikat!
2021-03-31 17:51:14,217 INFO [main] m.h.j.c.m.Glavna [Glavna.java:32] Aplikacija pokrenuta! 
2021-03-31 17:51:35,985 INFO [main] m.h.j.c.m.Glavna [Glavna.java:74] Duplikat!
2021-03-31 17:51:35,989 WARN [main] m.h.j.c.m.Glavna [Glavna.java:75] Aktivirana iznimkaDuplikat!
2021-03-31 17:52:34,866 INFO [main] m.h.j.c.m.Glavna [Glavna.java:32] Aplikacija pokrenuta! 
2021-03-31 17:53:06,923 INFO [main] m.h.j.c.m.Glavna [Glavna.java:74] Duplikat!
2021-03-31 17:53:06,928 WARN [main] m.h.j.c.m.Glavna [Glavna.java:75] Aktivirana iznimkaDuplikat!
2021-03-31 17:53:10,956 INFO [main] m.h.j.c.m.Glavna [Glavna.java:74] Duplikat!
2021-03-31 17:53:10,957 WARN [main] m.h.j.c.m.Glavna [Glavna.java:75] Aktivirana iznimkaDuplikat!
2021-03-31 17:54:39,035 INFO [main] m.h.j.c.m.Glavna [Glavna.java:32] Aplikacija pokrenuta! 
2021-03-31 17:55:02,859 INFO [main] m.h.j.c.m.Glavna [Glavna.java:74] Duplikat!
2021-03-31 17:55:02,864 WARN [main] m.h.j.c.m.Glavna [Glavna.java:75] Aktivirana iznimkaDuplikat!
2021-03-31 17:55:06,874 INFO [main] m.h.j.c.m.Glavna [Glavna.java:74] Duplikat!
2021-03-31 17:55:06,876 WARN [main] m.h.j.c.m.Glavna [Glavna.java:75] Aktivirana iznimkaDuplikat!
2021-03-31 17:57:06,401 INFO [main] m.h.j.c.m.Glavna [Glavna.java:32] Aplikacija pokrenuta! 
2021-03-31 17:57:31,735 INFO [main] m.h.j.c.m.Glavna [Glavna.java:74] Duplikat!
2021-03-31 17:57:31,739 WARN [main] m.h.j.c.m.Glavna [Glavna.java:75] Aktivirana iznimkaDuplikat!
2021-03-31 17:57:34,990 INFO [main] m.h.j.c.m.Glavna [Glavna.java:74] Duplikat!
2021-03-31 17:57:34,991 WARN [main] m.h.j.c.m.Glavna [Glavna.java:75] Aktivirana iznimkaDuplikat!
2021-03-31 18:01:36,644 INFO [main] m.h.j.c.m.Glavna [Glavna.java:32] Aplikacija pokrenuta! 
2021-03-31 18:02:00,820 INFO [main] m.h.j.c.m.Glavna [Glavna.java:74] Duplikat!
2021-03-31 18:02:00,832 WARN [main] m.h.j.c.m.Glavna [Glavna.java:75] Aktivirana iznimkaDuplikat!
2021-03-31 18:02:04,310 INFO [main] m.h.j.c.m.Glavna [Glavna.java:74] Duplikat!
2021-03-31 18:02:04,315 WARN [main] m.h.j.c.m.Glavna [Glavna.java:75] Aktivirana iznimkaDuplikat!
2021-03-31 18:05:05,249 INFO [main] m.h.j.c.m.Glavna [Glavna.java:32] Aplikacija pokrenuta! 
2021-03-31 18:06:18,371 INFO [main] m.h.j.c.m.Glavna [Glavna.java:74] Duplikat!
2021-03-31 18:06:18,379 WARN [main] m.h.j.c.m.Glavna [Glavna.java:75] Aktivirana iznimkaDuplikat!
2021-03-31 18:06:21,687 INFO [main] m.h.j.c.m.Glavna [Glavna.java:74] Duplikat!
2021-03-31 18:06:21,688 WARN [main] m.h.j.c.m.Glavna [Glavna.java:75] Aktivirana iznimkaDuplikat!
2021-03-31 18:06:24,979 INFO [main] m.h.j.c.m.Glavna [Glavna.java:74] Duplikat!
2021-03-31 18:06:24,980 WARN [main] m.h.j.c.m.Glavna [Glavna.java:75] Aktivirana iznimkaDuplikat!
2021-03-31 18:08:28,718 INFO [main] m.h.j.c.m.Glavna [Glavna.java:32] Aplikacija pokrenuta! 
2021-03-31 18:11:01,373 INFO [main] m.h.j.c.m.Glavna [Glavna.java:32] Aplikacija pokrenuta! 
2021-03-31 18:11:32,223 INFO [main] m.h.j.c.m.Glavna [Glavna.java:74] Duplikat!
2021-03-31 18:11:32,227 WARN [main] m.h.j.c.m.Glavna [Glavna.java:75] Aktivirana iznimkaDuplikat!
2021-03-31 18:11:36,022 INFO [main] m.h.j.c.m.Glavna [Glavna.java:74] Duplikat!
2021-03-31 18:11:36,023 WARN [main] m.h.j.c.m.Glavna [Glavna.java:75] Aktivirana iznimkaDuplikat!
2021-03-31 18:11:38,761 INFO [main] m.h.j.c.m.Glavna [Glavna.java:74] Duplikat!
2021-03-31 18:11:38,763 WARN [main] m.h.j.c.m.Glavna [Glavna.java:75] Aktivirana iznimkaDuplikat!
2021-03-31 18:15:51,598 INFO [main] m.h.j.c.m.Glavna [Glavna.java:32] Aplikacija pokrenuta! 
2021-03-31 18:16:17,624 INFO [main] m.h.j.c.m.Glavna [Glavna.java:74] Duplikat!
2021-03-31 18:16:17,627 WARN [main] m.h.j.c.m.Glavna [Glavna.java:75] Aktivirana iznimkaDuplikat!
2021-03-31 18:16:37,498 INFO [main] m.h.j.c.m.Glavna [Glavna.java:74] Duplikat!
2021-03-31 18:16:37,499 WARN [main] m.h.j.c.m.Glavna [Glavna.java:75] Aktivirana iznimkaDuplikat!
2021-03-31 18:18:51,675 INFO [main] m.h.j.c.m.Glavna [Glavna.java:32] Aplikacija pokrenuta! 
2021-03-31 18:19:21,758 INFO [main] m.h.j.c.m.Glavna [Glavna.java:74] Duplikat!
2021-03-31 18:19:21,765 WARN [main] m.h.j.c.m.Glavna [Glavna.java:75] Aktivirana iznimkaDuplikat!
2021-03-31 18:19:30,868 INFO [main] m.h.j.c.m.Glavna [Glavna.java:74] Duplikat!
2021-03-31 18:19:30,869 WARN [main] m.h.j.c.m.Glavna [Glavna.java:75] Aktivirana iznimkaDuplikat!
2021-03-31 18:19:44,697 INFO [main] m.h.j.c.m.Glavna [Glavna.java:74] Duplikat!
2021-03-31 18:19:44,698 WARN [main] m.h.j.c.m.Glavna [Glavna.java:75] Aktivirana iznimkaDuplikat!
2021-03-31 18:20:31,343 INFO [main] m.h.j.c.m.Glavna [Glavna.java:32] Aplikacija pokrenuta! 
2021-03-31 18:22:08,463 INFO [main] m.h.j.c.m.Glavna [Glavna.java:74] Duplikat!
2021-03-31 18:22:08,468 WARN [main] m.h.j.c.m.Glavna [Glavna.java:75] Aktivirana iznimkaDuplikat!
2021-03-31 18:22:47,460 INFO [main] m.h.j.c.m.Glavna [Glavna.java:32] Aplikacija pokrenuta! 
2021-03-31 18:23:16,739 INFO [main] m.h.j.c.m.Glavna [Glavna.java:74] Duplikat!
2021-03-31 18:23:16,742 WARN [main] m.h.j.c.m.Glavna [Glavna.java:75] Aktivirana iznimkaDuplikat!
2021-03-31 18:23:24,733 INFO [main] m.h.j.c.m.Glavna [Glavna.java:74] Duplikat!
2021-03-31 18:23:24,735 WARN [main] m.h.j.c.m.Glavna [Glavna.java:75] Aktivirana iznimkaDuplikat!
2021-03-31 18:28:55,625 INFO [main] m.h.j.c.m.Glavna [Glavna.java:32] Aplikacija pokrenuta! 
2021-03-31 18:29:34,046 INFO [main] m.h.j.c.m.Glavna [Glavna.java:74] Duplikat!
2021-03-31 18:29:34,051 WARN [main] m.h.j.c.m.Glavna [Glavna.java:75] Aktivirana iznimkaDuplikat!
2021-03-31 18:31:27,801 INFO [main] m.h.j.c.m.Glavna [Glavna.java:32] Aplikacija pokrenuta! 
2021-03-31 18:33:03,605 INFO [main] m.h.j.c.m.Glavna [Glavna.java:74] Duplikat!
2021-03-31 18:33:03,609 WARN [main] m.h.j.c.m.Glavna [Glavna.java:75] Aktivirana iznimkaDuplikat!
